<?xml version="1.0" encoding="UTF-8"?>
<testsuite xmlns:xsi="http://www.w3.org/2001/XMLSchema-instance" xsi:noNamespaceSchemaLocation="https://maven.apache.org/surefire/maven-surefire-plugin/xsd/surefire-test-report.xsd" name="ru.netology.domain.RadioTest" time="0.028" tests="14" errors="0" skipped="0" failures="0">
  <properties>
[...]
</properties>
  <testcase name="shouldGetMinVolume" classname="ru.netology.domain.RadioTest" time="0.014"/>
  <testcase name="shouldGetMoreCurrentVolume" classname="ru.netology.domain.RadioTest" time="0"/>
  <testcase name="shouldGetOverMaxVolume" classname="ru.netology.domain.RadioTest" time="0.001"/>
  <testcase name="shouldPrevStationMin" classname="ru.netology.domain.RadioTest" time="0"/>
  <testcase name="shouldGetCurrentStation" classname="ru.netology.domain.RadioTest" time="0.001"/>
  <testcase name="shouldMakeGetCurrentStation" classname="ru.netology.domain.RadioTest" time="0"/>
  <testcase name="shouldNextStation" classname="ru.netology.domain.RadioTest" time="0"/>
  <testcase name="shouldMakeGetCurrentStationWithMinus" classname="ru.netology.domain.RadioTest" time="0.001"/>
  <testcase name="shouldGetMaxVolume" classname="ru.netology.domain.RadioTest" time="0"/>
  <testcase name="shouldPrevStation" classname="ru.netology.domain.RadioTest" time="0"/>
  <testcase name="shouldGetLessCurrentVolume" classname="ru.netology.domain.RadioTest" time="0"/>
  <testcase name="shouldNextStationMax" classname="ru.netology.domain.RadioTest" time="0"/>
  <testcase name="shouldGetUnderMinVolume" classname="ru.netology.domain.RadioTest" time="0.002"/>
  <testcase name="shouldGetCurrentVolume" classname="ru.netology.domain.RadioTest" time="0"/>
</testsuite>